<?xml version="1.0" encoding="UTF-8"?>
<!-- Generated by org.testng.reporters.JUnitXMLReporter -->
<testsuite hostname="EPINHYDW0834" ignored="0" name="CalculatorTests_2" tests="12" failures="4" timestamp="12 Dec 2017 07:17:50 GMT" time="0.029" errors="0">
  <testcase name="division" time="0.001" classname="com.epam.tam.demo.CalculatorTest"/>
  <testcase name="multiplication" time="0.0" classname="com.epam.tam.demo.CalculatorTest">
    <failure type="java.lang.AssertionError" message="expected [2] but found [50]">
      <![CDATA[java.lang.AssertionError: expected [2] but found [50]at com.epam.tam.demo.CalculatorTest.multiplication(CalculatorTest.java:35)... Removed 31 stack frames]]>
    </failure>
  </testcase> <!-- multiplication -->
  <testcase name="negativeNumber" time="0.0" classname="com.epam.tam.demo.CalculatorTest"/>
  <testcase name="negativeNumberNegative" time="0.001" classname="com.epam.tam.demo.CalculatorTest"/>
  <testcase name="postiveNumber" time="0.001" classname="com.epam.tam.demo.CalculatorTest"/>
  <testcase name="power" time="0.001" classname="com.epam.tam.demo.CalculatorTest">
    <failure type="java.lang.AssertionError" message="expected [8] but found [8.0]">
      <![CDATA[java.lang.AssertionError: expected [8] but found [8.0]at com.epam.tam.demo.CalculatorTest.power(CalculatorTest.java:41)... Removed 30 stack frames]]>
    </failure>
  </testcase> <!-- power -->
  <testcase name="powerNegative1" time="0.0" classname="com.epam.tam.demo.CalculatorTest">
    <failure type="java.lang.AssertionError" message="expected [8] but found [0.125]">
      <![CDATA[java.lang.AssertionError: expected [8] but found [0.125]at com.epam.tam.demo.CalculatorTest.powerNegative1(CalculatorTest.java:47)... Removed 30 stack frames]]>
    </failure>
  </testcase> <!-- powerNegative1 -->
  <testcase name="powerNegative2" time="0.001" classname="com.epam.tam.demo.CalculatorTest">
    <failure type="java.lang.AssertionError" message="expected [8] but found [-8.0]">
      <![CDATA[java.lang.AssertionError: expected [8] but found [-8.0]at com.epam.tam.demo.CalculatorTest.powerNegative2(CalculatorTest.java:53)... Removed 30 stack frames]]>
    </failure>
  </testcase> <!-- powerNegative2 -->
  <testcase name="sum" time="0.001" classname="com.epam.tam.demo.CalculatorTest"/>
  <testcase name="sumNegative" time="0.001" classname="com.epam.tam.demo.CalculatorTest"/>
  <testcase name="sumOfNumbers" time="0.0" classname="com.epam.tam.demo.CalculatorTest"/>
  <testcase name="sumOfNumbers" time="0.001" classname="com.epam.tam.demo.CalculatorTest"/>
</testsuite> <!-- CalculatorTests_2 -->
